#
# There is insufficient memory for the Java Runtime Environment to continue.
# Native memory allocation (mmap) failed to map 268435456 bytes for Failed to commit area from 0x0000000701a00000 to 0x0000000711a00000 of length 268435456.
# Possible reasons:
#   The system is out of physical RAM or swap space
#   The process is running with CompressedOops enabled, and the Java Heap may be blocking the growth of the native heap
# Possible solutions:
#   Reduce memory load on the system
#   Increase physical memory or swap space
#   Check if swap backing store is full
#   Decrease Java heap size (-Xmx/-Xms)
#   Decrease number of Java threads
#   Decrease Java thread stack sizes (-Xss)
#   Set larger code cache with -XX:ReservedCodeCacheSize=
# This output file may be truncated or incomplete.
#
#  Out of Memory Error (t:/workspace/open/src/hotspot/os/windows/os_windows.cpp:3269), pid=21324, tid=5468
#
# JRE version:  (11.0+28) (build )
# Java VM: Java HotSpot(TM) 64-Bit Server VM (11+28, mixed mode, aot, sharing, tiered, compressed oops, g1 gc, windows-amd64)
# No core dump will be written. Minidumps are not enabled by default on client versions of Windows
#

---------------  S U M M A R Y ------------

Command Line: C:\Users\xmche\AppData\Local\Temp\surefire1997094358767072960\surefirebooter8592712417284966393.jar C:\Users\xmche\AppData\Local\Temp\surefire1997094358767072960 2021-03-09T15-39-04_245-jvmRun1 surefire13791753517223082108tmp surefire_09944712736163000030tmp

Host: Intel(R) Core(TM) i7-6700HQ CPU @ 2.60GHz, 8 cores, 15G,  Windows 10 , 64 bit Build 18362 (10.0.18362.1350)
Time: Tue Mar  9 15:39:06 2021 ?D1¨²¡À¨º¡Á?¨º¡À?? elapsed time: 0 seconds (0d 0h 0m 0s)

---------------  T H R E A D  ---------------

Current thread (0x000001a403c39800):  JavaThread "Unknown thread" [_thread_in_vm, id=5468, stack(0x000000754f600000,0x000000754f700000)]

Stack: [0x000000754f600000,0x000000754f700000]
Native frames: (J=compiled Java code, j=interpreted, Vv=VM code, C=native code)
V  [jvm.dll+0x63c22a]
V  [jvm.dll+0x7797ef]
V  [jvm.dll+0x77adda]
V  [jvm.dll+0x77b493]
V  [jvm.dll+0x262818]
V  [jvm.dll+0x6396da]
V  [jvm.dll+0x62dfb5]
V  [jvm.dll+0x31699c]
V  [jvm.dll+0x316822]
V  [jvm.dll+0x31c096]
V  [jvm.dll+0x3684af]
V  [jvm.dll+0x367ed0]
V  [jvm.dll+0x2f38b8]
V  [jvm.dll+0x2f4a16]
V  [jvm.dll+0x752db7]
V  [jvm.dll+0x7544ff]
V  [jvm.dll+0x3752e9]
V  [jvm.dll+0x7394b9]
V  [jvm.dll+0x3e46fd]
V  [jvm.dll+0x3e69d1]
C  [java.exe+0x3603]
C  [java.exe+0x178dc]
C  [KERNEL32.DLL+0x17c24]
C  [ntdll.dll+0x6d721]


---------------  P R O C E S S  ---------------

Threads class SMR info:
_java_thread_list=0x000001a401a14d00, length=0, elements={
}

Java Threads: ( => current thread )

Other Threads:
  0x000001a403c4e800 GCTaskThread "GC Thread#0" [stack: 0x000000754f700000,0x000000754f800000] [id=3708]
  0x000001a403cb0800 ConcurrentGCThread "G1 Main Marker" [stack: 0x000000754f800000,0x000000754f900000] [id=6748]
  0x000001a403cb1800 ConcurrentGCThread "G1 Conc#0" [stack: 0x000000754f900000,0x000000754fa00000] [id=11188]

[error occurred during error reporting (printing all threads), id 0xc0000005, EXCEPTION_ACCESS_VIOLATION (0xc0000005) at pc=0x00007fff1ee22137]

VM state:not at safepoint (not fully initialized)

VM Mutex/Monitor currently owned by a thread:  ([mutex/lock_event])
[0x000001a403c39190] Heap_lock - owner thread: 0x000001a403c39800

Heap address: 0x0000000701a00000, size: 4070 MB, Compressed Oops mode: Non-zero based: 0x0000000701a00000
Narrow klass base: 0x0000000000000000, Narrow klass shift: 0

GC Heap History (0 events):
No events

Deoptimization events (0 events):
No events

Classes redefined (0 events):
No events

Internal exceptions (0 events):
No events

Events (0 events):
No events


Dynamic libraries:
0x00007ff7e9fe0000 - 0x00007ff7ea027000 	C:\Program Files\Java\jdk-11\bin\java.exe
0x00007fff57520000 - 0x00007fff57710000 	C:\WINDOWS\SYSTEM32\ntdll.dll
0x00007fff556e0000 - 0x00007fff55792000 	C:\WINDOWS\System32\KERNEL32.DLL
0x00007fff54fb0000 - 0x00007fff55255000 	C:\WINDOWS\System32\KERNELBASE.dll
0x00007fff555d0000 - 0x00007fff55673000 	C:\WINDOWS\System32\ADVAPI32.dll
0x00007fff56420000 - 0x00007fff564be000 	C:\WINDOWS\System32\msvcrt.dll
0x00007fff55870000 - 0x00007fff55907000 	C:\WINDOWS\System32\sechost.dll
0x00007fff55bc0000 - 0x00007fff55cdf000 	C:\WINDOWS\System32\RPCRT4.dll
0x00007fff564c0000 - 0x00007fff56654000 	C:\WINDOWS\System32\USER32.dll
0x00007fff54f80000 - 0x00007fff54fa1000 	C:\WINDOWS\System32\win32u.dll
0x00007fff55680000 - 0x00007fff556a6000 	C:\WINDOWS\System32\GDI32.dll
0x00007fff55280000 - 0x00007fff55418000 	C:\WINDOWS\System32\gdi32full.dll
0x00007fff55420000 - 0x00007fff554be000 	C:\WINDOWS\System32\msvcp_win.dll
0x00007fff54e80000 - 0x00007fff54f7a000 	C:\WINDOWS\System32\ucrtbase.dll
0x00007fff3cc30000 - 0x00007fff3ceb4000 	C:\WINDOWS\WinSxS\amd64_microsoft.windows.common-controls_6595b64144ccf1df_6.0.18362.1379_none_9e7ff3b3e45cc0c4\COMCTL32.dll
0x00007fff535c0000 - 0x00007fff535ca000 	C:\WINDOWS\SYSTEM32\VERSION.dll
0x00007fff55ce0000 - 0x00007fff56017000 	C:\WINDOWS\System32\combase.dll
0x00007fff55540000 - 0x00007fff555c1000 	C:\WINDOWS\System32\bcryptPrimitives.dll
0x00007fff556b0000 - 0x00007fff556de000 	C:\WINDOWS\System32\IMM32.DLL
0x00007fff3d970000 - 0x00007fff3d986000 	C:\Program Files\Java\jdk-11\bin\vcruntime140.dll
0x00007fff359f0000 - 0x00007fff35a9a000 	C:\Program Files\Java\jdk-11\bin\msvcp140.dll
0x00007fff1eb20000 - 0x00007fff1f662000 	C:\Program Files\Java\jdk-11\bin\server\jvm.dll
0x00007fff55b40000 - 0x00007fff55b48000 	C:\WINDOWS\System32\PSAPI.DLL
0x00007fff404b0000 - 0x00007fff404b9000 	C:\WINDOWS\SYSTEM32\WSOCK32.dll
0x00007fff4c810000 - 0x00007fff4c834000 	C:\WINDOWS\SYSTEM32\WINMM.dll
0x00007fff57400000 - 0x00007fff5746f000 	C:\WINDOWS\System32\WS2_32.dll
0x00007fff4b7f0000 - 0x00007fff4b81d000 	C:\WINDOWS\SYSTEM32\winmmbase.dll
0x00007fff554c0000 - 0x00007fff5550a000 	C:\WINDOWS\System32\cfgmgr32.dll
0x00007fff543e0000 - 0x00007fff543f1000 	C:\WINDOWS\System32\kernel.appcore.dll
0x00007fff36b10000 - 0x00007fff36b21000 	C:\Program Files\Java\jdk-11\bin\verify.dll
0x00007fff402b0000 - 0x00007fff404a4000 	C:\WINDOWS\SYSTEM32\DBGHELP.DLL
0x00007fff40140000 - 0x00007fff4016a000 	C:\WINDOWS\SYSTEM32\dbgcore.DLL
0x00007fff36ae0000 - 0x00007fff36b09000 	C:\Program Files\Java\jdk-11\bin\java.dll
0x00007fff359d0000 - 0x00007fff359e6000 	C:\Program Files\Java\jdk-11\bin\zip.dll
0x00007fff4d940000 - 0x00007fff4d94a000 	C:\Program Files\Java\jdk-11\bin\jimage.dll

dbghelp: loaded successfully - version: 4.0.5 - missing functions: none
symbol engine: initialized successfully - sym options: 0x614 - pdb path: .;C:\Program Files\Java\jdk-11\bin;C:\WINDOWS\SYSTEM32;C:\WINDOWS\WinSxS\amd64_microsoft.windows.common-controls_6595b64144ccf1df_6.0.18362.1379_none_9e7ff3b3e45cc0c4;C:\Program Files\Java\jdk-11\bin\server

VM Arguments:
java_command: C:\Users\xmche\AppData\Local\Temp\surefire1997094358767072960\surefirebooter8592712417284966393.jar C:\Users\xmche\AppData\Local\Temp\surefire1997094358767072960 2021-03-09T15-39-04_245-jvmRun1 surefire13791753517223082108tmp surefire_09944712736163000030tmp
java_class_path (initial): C:\Users\xmche\AppData\Local\Temp\surefire1997094358767072960\surefirebooter8592712417284966393.jar
Launcher Type: SUN_STANDARD

[Global flags]
     intx CICompilerCount                          = 4                                         {product} {ergonomic}
     uint ConcGCThreads                            = 2                                         {product} {ergonomic}
     uint G1ConcRefinementThreads                  = 8                                         {product} {ergonomic}
   size_t G1HeapRegionSize                         = 1048576                                   {product} {ergonomic}
    uintx GCDrainStackTargetSize                   = 64                                        {product} {ergonomic}
   size_t InitialHeapSize                          = 268435456                                 {product} {ergonomic}
   size_t MarkStackSize                            = 4194304                                   {product} {ergonomic}
   size_t MaxHeapSize                              = 4267704320                                {product} {ergonomic}
   size_t MinHeapDeltaBytes                        = 1048576                                   {product} {ergonomic}
    uintx NonNMethodCodeHeapSize                   = 5835340                                {pd product} {ergonomic}
    uintx NonProfiledCodeHeapSize                  = 122911450                              {pd product} {ergonomic}
    uintx ProfiledCodeHeapSize                     = 122911450                              {pd product} {ergonomic}
    uintx ReservedCodeCacheSize                    = 251658240                              {pd product} {ergonomic}
     bool SegmentedCodeCache                       = true                                      {product} {ergonomic}
     bool UseCompressedClassPointers               = true                                 {lp64_product} {ergonomic}
     bool UseCompressedOops                        = true                                 {lp64_product} {ergonomic}
     bool UseG1GC                                  = true                                      {product} {ergonomic}
     bool UseLargePagesIndividualAllocation        = false                                  {pd product} {ergonomic}

Logging:
Log output configuration:
 #0: stdout all=warning uptime,level,tags
 #1: stderr all=off uptime,level,tags

Environment Variables:
JAVA_HOME=C:\Program Files\Java\jdk-11
CLASSPATH=.;C:\Program Files\Java\jdk-11\lib\dt.jar;C:\Program Files\Java\jdk-11\lib\tools.jar;
PATH=D:\perl\site\bin;D:\perl\bin;C:\Program Files\Java\jdk-11\bin;C:\Program Files\Java\jdk-11\jre\bin;D:\Xftp\;D:\OracleXE\app\oracle\product\11.2.0\server\bin;D:\Xshell\;C:\Program Files (x86)\Common Files\Intel\Shared Libraries\redist\intel64\compiler;C:\windows\system32;C:\windows;C:\windows\System32\Wbem;C:\windows\System32\WindowsPowerShell\v1.0\;C:\Program Files (x86)\NVIDIA Corporation\PhysX\Common;D:\SQL2012\GXMLx86\110\Tools\Binn\;D:\SQL2012\GXML\110\Tools\Binn\;D:\SQL2012\GXML\110\DTS\Binn\;D:\SQL2012\GXMLx86\110\Tools\Binn\ManagementStudio\;D:\SQL2012\GXMLx86\110\DTS\Binn\;C:\Program Files (x86)\Microsoft SQL Server\100\Tools\Binn\;C:\Program Files\Microsoft SQL Server\100\Tools\Binn\;C:\Program Files\Microsoft SQL Server\100\DTS\Binn\;C:\Users\xmche\.dnx\bin;C:\Program Files\Microsoft DNX\Dnvm\;C:\Program Files\Java\jdk-11;D:\SQL2012\GXML\120\Tools\Binn\;C:\Program Files (x86)\Windows Kits\8.1\Windows Performance Toolkit\;C:\Program Files\LLVM\bin;C:\WINDOWS\system32;C:\WINDOWS;C:\WINDOWS\System32\Wbem;C:\WINDOWS\System32\WindowsPowerShell\v1.0\;C:\WINDOWS\System32\OpenSSH\;C:\MinGW\bin\;D:\Microsoft VS Code\bin;C:\Program Files (x86)\Google\Chrome\Application\;D:\MySql\bin;D:\GnuPG\pub;D:\apache-tomcat-8.0.53\bin;D:\nodejs\;C:\Program Files\Java\apache-maven-3.5.4\bin;D:\Git\cmd;C:\Program Files\NVIDIA Corporation\NVIDIA NvDLISR;C:\Program Files\CMake\bin;%NEO4J_HOME%\bin;C:\Users\xmche\AppData\Local\Programs\Python\Python36\Scripts\;C:\Users\xmche\AppData\Local\Programs\Python\Python36\;C:\Users\xmche\AppData\Local\Microsoft\WindowsApps;D:\Microsoft VS Code\bin;C:\Users\xmche\AppData\Local\GitHubDesktop\bin;C:\Program Files (x86)\Google\Chrome\Application\;C:\Users\xmche\AppData\Roaming\npm;D:\java\apache-maven-3.5.4\bin;C:\Users\xmche\AppData\Local\Microsoft\WindowsApps;%NEO4J_HOME%\bin;D:\kdb_plus64\w64;
USERNAME=xmche
OS=Windows_NT
PROCESSOR_IDENTIFIER=Intel64 Family 6 Model 94 Stepping 3, GenuineIntel



---------------  S Y S T E M  ---------------

OS: Windows 10 , 64 bit Build 18362 (10.0.18362.1350)

CPU:total 8 (initial active 8) (4 cores per cpu, 2 threads per core) family 6 model 94 stepping 3, cmov, cx8, fxsr, mmx, sse, sse2, sse3, ssse3, sse4.1, sse4.2, popcnt, avx, avx2, aes, clmul, erms, rtm, 3dnowpref, lzcnt, ht, tsc, tscinvbit, bmi1, bmi2, adx, fma

Memory: 4k page, system-wide physical 16274M (7433M free)
TotalPageFile size 18322M (AvailPageFile size 56M)
current process WorkingSet (physical memory assigned to process): 10M, peak: 10M
current process commit charge ("private bytes"): 60M, peak: 316M

vm_info: Java HotSpot(TM) 64-Bit Server VM (11+28) for windows-amd64 JRE (11+28), built on Aug 23 2018 03:03:59 by "mach5one" with MS VC++ 15.5 (VS2017)

END.
